<?xml version="1.0" encoding="UTF-8"?>
<testsuite xmlns:xsi="http://www.w3.org/2001/XMLSchema-instance" xsi:noNamespaceSchemaLocation="https://maven.apache.org/surefire/maven-surefire-plugin/xsd/surefire-test-report-3.0.xsd" version="3.0" name="TestSuite" time="22.804" tests="3" errors="0" skipped="0" failures="0">
  <properties>
[...]
</properties>
  <testcase name="CP001_FlujoPostulacion_Paso2_ComunaOK" classname="tests.CasosDePrueba" time="12.554">
    <system-out><![CDATA[Frames contados:6
]]></system-out>
    <system-err><![CDATA[Starting ChromeDriver 92.0.4515.107 (87a818b10553a07434ea9e2b6dccf3cbe7895134-refs/branch-heads/4515@{#1634}) on port 7009
Only local connections are allowed.
Please see https://chromedriver.chromium.org/security-considerations for suggestions on keeping ChromeDriver safe.
ChromeDriver was started successfully.
[1631222568.604][WARNING]: This version of ChromeDriver has not been tested with Chrome version 93.
sep. 09, 2021 6:22:48 P. M. org.openqa.selenium.remote.ProtocolHandshake createSession
INFO: Detected dialect: W3C
]]></system-err>
  </testcase>
  <testcase name="CP002" classname="tests.CasosDePrueba" time="0.072"/>
  <testcase name="CP003" classname="tests.CasosDePrueba" time="0.05"/>
</testsuite>