<?xml version="1.0" encoding="UTF-8"?>
<!-- Generated by org.testng.reporters.JUnitXMLReporter -->
<testsuite ignored="0" hostname="CL-NB-650" failures="0" tests="3" name="Pruebas regresion" time="22.364" errors="0" timestamp="09 sep. 2021 21:23:09 GMT">
  <testcase classname="tests.CasosDePrueba" name="CP001_FlujoPostulacion_Paso2_ComunaOK" time="12.586"/>
  <testcase classname="tests.CasosDePrueba" name="CP002" time="0.073"/>
  <testcase classname="tests.CasosDePrueba" name="CP003" time="0.05"/>
</testsuite> <!-- Pruebas regresion -->
